{"/Users/yapi/Adi/appdev/pos-offline/stores/useAuthStore.ts": {"path":"/Users/yapi/Adi/appdev/pos-offline/stores/useAuthStore.ts","statementMap":{"0":{"start":{"line":1,"column":0},"end":{"line":1,"column":33}},"1":{"start":{"line":11,"column":13},"end":{"line":26,"column":4}},"2":{"start":{"line":11,"column":56},"end":{"line":26,"column":2}},"3":{"start":{"line":16,"column":4},"end":{"line":19,"column":6}},"4":{"start":{"line":22,"column":4},"end":{"line":25,"column":6}},"5":{"start":{"line":32,"column":15},"end":{"line":32,"column":42}},"6":{"start":{"line":32,"column":35},"end":{"line":32,"column":41}},"7":{"start":{"line":33,"column":2},"end":{"line":33,"column":32}},"8":{"start":{"line":31,"column":0},"end":{"line":31,"column":16}}},"fnMap":{"0":{"name":"(anonymous_0)","decl":{"start":{"line":11,"column":46},"end":{"line":11,"column":47}},"loc":{"start":{"line":11,"column":56},"end":{"line":26,"column":2}}},"1":{"name":"(anonymous_1)","decl":{"start":{"line":15,"column":9},"end":{"line":15,"column":10}},"loc":{"start":{"line":16,"column":4},"end":{"line":19,"column":6}}},"2":{"name":"(anonymous_2)","decl":{"start":{"line":21,"column":10},"end":{"line":21,"column":13}},"loc":{"start":{"line":22,"column":4},"end":{"line":25,"column":6}}},"3":{"name":"useIsAdmin","decl":{"start":{"line":31,"column":16},"end":{"line":31,"column":26}},"loc":{"start":{"line":31,"column":26},"end":{"line":34,"column":1}}},"4":{"name":"(anonymous_4)","decl":{"start":{"line":32,"column":28},"end":{"line":32,"column":29}},"loc":{"start":{"line":32,"column":35},"end":{"line":32,"column":41}}}},"branchMap":{},"s":{"0":1,"1":1,"2":1,"3":5,"4":6,"5":0,"6":0,"7":0,"8":1},"f":{"0":1,"1":5,"2":6,"3":0,"4":0},"b":{}}
,"/Users/yapi/Adi/appdev/pos-offline/stores/useCartStore.ts": {"path":"/Users/yapi/Adi/appdev/pos-offline/stores/useCartStore.ts","statementMap":{"0":{"start":{"line":1,"column":0},"end":{"line":1,"column":33}},"1":{"start":{"line":32,"column":13},"end":{"line":147,"column":51}},"2":{"start":{"line":32,"column":61},"end":{"line":147,"column":50}},"3":{"start":{"line":40,"column":18},"end":{"line":40,"column":29}},"4":{"start":{"line":41,"column":26},"end":{"line":41,"column":77}},"5":{"start":{"line":41,"column":49},"end":{"line":41,"column":76}},"6":{"start":{"line":43,"column":4},"end":{"line":65,"column":5}},"7":{"start":{"line":45,"column":22},"end":{"line":45,"column":32}},"8":{"start":{"line":46,"column":21},"end":{"line":46,"column":63}},"9":{"start":{"line":47,"column":6},"end":{"line":51,"column":8}},"10":{"start":{"line":52,"column":6},"end":{"line":52,"column":30}},"11":{"start":{"line":55,"column":6},"end":{"line":64,"column":9}},"12":{"start":{"line":67,"column":4},"end":{"line":67,"column":28}},"13":{"start":{"line":71,"column":4},"end":{"line":71,"column":74}},"14":{"start":{"line":71,"column":43},"end":{"line":71,"column":69}},"15":{"start":{"line":72,"column":4},"end":{"line":72,"column":28}},"16":{"start":{"line":76,"column":4},"end":{"line":79,"column":5}},"17":{"start":{"line":77,"column":6},"end":{"line":77,"column":34}},"18":{"start":{"line":78,"column":6},"end":{"line":78,"column":13}},"19":{"start":{"line":80,"column":18},"end":{"line":87,"column":null}},"20":{"start":{"line":81,"column":6},"end":{"line":87,"column":14}},"21":{"start":{"line":89,"column":4},"end":{"line":89,"column":19}},"22":{"start":{"line":90,"column":4},"end":{"line":90,"column":28}},"23":{"start":{"line":93,"column":29},"end":{"line":93,"column":46}},"24":{"start":{"line":96,"column":4},"end":{"line":96,"column":22}},"25":{"start":{"line":97,"column":4},"end":{"line":97,"column":28}},"26":{"start":{"line":100,"column":23},"end":{"line":100,"column":37}},"27":{"start":{"line":103,"column":4},"end":{"line":109,"column":6}},"28":{"start":{"line":111,"column":21},"end":{"line":111,"column":78}},"29":{"start":{"line":111,"column":55},"end":{"line":111,"column":74}},"30":{"start":{"line":113,"column":18},"end":{"line":113,"column":60}},"31":{"start":{"line":115,"column":22},"end":{"line":115,"column":79}},"32":{"start":{"line":115,"column":56},"end":{"line":115,"column":75}},"33":{"start":{"line":119,"column":21},"end":{"line":119,"column":35}},"34":{"start":{"line":120,"column":4},"end":{"line":123,"column":5}},"35":{"start":{"line":121,"column":6},"end":{"line":121,"column":33}},"36":{"start":{"line":122,"column":6},"end":{"line":122,"column":13}},"37":{"start":{"line":124,"column":21},"end":{"line":124,"column":40}},"38":{"start":{"line":127,"column":4},"end":{"line":130,"column":5}},"39":{"start":{"line":128,"column":6},"end":{"line":128,"column":33}},"40":{"start":{"line":129,"column":6},"end":{"line":129,"column":13}},"41":{"start":{"line":132,"column":17},"end":{"line":132,"column":18}},"42":{"start":{"line":133,"column":4},"end":{"line":140,"column":5}},"43":{"start":{"line":134,"column":6},"end":{"line":134,"column":61}},"44":{"start":{"line":135,"column":6},"end":{"line":137,"column":7}},"45":{"start":{"line":136,"column":8},"end":{"line":136,"column":38}},"46":{"start":{"line":139,"column":6},"end":{"line":139,"column":30}},"47":{"start":{"line":143,"column":4},"end":{"line":143,"column":45}},"48":{"start":{"line":143,"column":27},"end":{"line":143,"column":45}},"49":{"start":{"line":145,"column":4},"end":{"line":145,"column":36}}},"fnMap":{"0":{"name":"(anonymous_0)","decl":{"start":{"line":32,"column":46},"end":{"line":32,"column":47}},"loc":{"start":{"line":32,"column":61},"end":{"line":147,"column":50}}},"1":{"name":"(anonymous_1)","decl":{"start":{"line":39,"column":11},"end":{"line":39,"column":12}},"loc":{"start":{"line":39,"column":60},"end":{"line":68,"column":3}}},"2":{"name":"(anonymous_2)","decl":{"start":{"line":41,"column":42},"end":{"line":41,"column":43}},"loc":{"start":{"line":41,"column":49},"end":{"line":41,"column":76}}},"3":{"name":"(anonymous_3)","decl":{"start":{"line":70,"column":14},"end":{"line":70,"column":15}},"loc":{"start":{"line":70,"column":36},"end":{"line":73,"column":3}}},"4":{"name":"(anonymous_4)","decl":{"start":{"line":71,"column":36},"end":{"line":71,"column":37}},"loc":{"start":{"line":71,"column":43},"end":{"line":71,"column":69}}},"5":{"name":"(anonymous_5)","decl":{"start":{"line":75,"column":18},"end":{"line":75,"column":19}},"loc":{"start":{"line":75,"column":58},"end":{"line":91,"column":3}}},"6":{"name":"(anonymous_6)","decl":{"start":{"line":80,"column":34},"end":{"line":80,"column":35}},"loc":{"start":{"line":81,"column":6},"end":{"line":87,"column":14}}},"7":{"name":"(anonymous_7)","decl":{"start":{"line":93,"column":15},"end":{"line":93,"column":16}},"loc":{"start":{"line":93,"column":29},"end":{"line":93,"column":46}}},"8":{"name":"(anonymous_8)","decl":{"start":{"line":95,"column":15},"end":{"line":95,"column":16}},"loc":{"start":{"line":95,"column":28},"end":{"line":98,"column":3}}},"9":{"name":"(anonymous_9)","decl":{"start":{"line":100,"column":12},"end":{"line":100,"column":13}},"loc":{"start":{"line":100,"column":23},"end":{"line":100,"column":37}}},"10":{"name":"(anonymous_10)","decl":{"start":{"line":102,"column":13},"end":{"line":102,"column":16}},"loc":{"start":{"line":103,"column":4},"end":{"line":109,"column":6}}},"11":{"name":"(anonymous_11)","decl":{"start":{"line":111,"column":15},"end":{"line":111,"column":18}},"loc":{"start":{"line":111,"column":21},"end":{"line":111,"column":78}}},"12":{"name":"(anonymous_12)","decl":{"start":{"line":111,"column":40},"end":{"line":111,"column":41}},"loc":{"start":{"line":111,"column":55},"end":{"line":111,"column":74}}},"13":{"name":"(anonymous_13)","decl":{"start":{"line":113,"column":12},"end":{"line":113,"column":15}},"loc":{"start":{"line":113,"column":18},"end":{"line":113,"column":60}}},"14":{"name":"(anonymous_14)","decl":{"start":{"line":115,"column":16},"end":{"line":115,"column":19}},"loc":{"start":{"line":115,"column":22},"end":{"line":115,"column":79}}},"15":{"name":"(anonymous_15)","decl":{"start":{"line":115,"column":41},"end":{"line":115,"column":42}},"loc":{"start":{"line":115,"column":56},"end":{"line":115,"column":75}}},"16":{"name":"(anonymous_16)","decl":{"start":{"line":118,"column":19},"end":{"line":118,"column":22}},"loc":{"start":{"line":118,"column":24},"end":{"line":146,"column":3}}}},"branchMap":{"0":{"loc":{"start":{"line":39,"column":30},"end":{"line":39,"column":56}},"type":"default-arg","locations":[{"start":{"line":39,"column":41},"end":{"line":39,"column":56}}]},"1":{"loc":{"start":{"line":43,"column":4},"end":{"line":65,"column":5}},"type":"if","locations":[{"start":{"line":43,"column":4},"end":{"line":65,"column":5}},{"start":{"line":53,"column":11},"end":{"line":65,"column":5}}]},"2":{"loc":{"start":{"line":76,"column":4},"end":{"line":79,"column":5}},"type":"if","locations":[{"start":{"line":76,"column":4},"end":{"line":79,"column":5}},{"start":{},"end":{}}]},"3":{"loc":{"start":{"line":81,"column":6},"end":{"line":87,"column":14}},"type":"cond-expr","locations":[{"start":{"line":82,"column":10},"end":{"line":86,"column":null}},{"start":{"line":87,"column":10},"end":{"line":87,"column":14}}]},"4":{"loc":{"start":{"line":120,"column":4},"end":{"line":123,"column":5}},"type":"if","locations":[{"start":{"line":120,"column":4},"end":{"line":123,"column":5}},{"start":{},"end":{}}]},"5":{"loc":{"start":{"line":127,"column":4},"end":{"line":130,"column":5}},"type":"if","locations":[{"start":{"line":127,"column":4},"end":{"line":130,"column":5}},{"start":{},"end":{}}]},"6":{"loc":{"start":{"line":133,"column":4},"end":{"line":140,"column":5}},"type":"if","locations":[{"start":{"line":133,"column":4},"end":{"line":140,"column":5}},{"start":{"line":138,"column":11},"end":{"line":140,"column":5}}]},"7":{"loc":{"start":{"line":135,"column":6},"end":{"line":137,"column":7}},"type":"if","locations":[{"start":{"line":135,"column":6},"end":{"line":137,"column":7}},{"start":{},"end":{}}]},"8":{"loc":{"start":{"line":135,"column":10},"end":{"line":135,"column":63}},"type":"binary-expr","locations":[{"start":{"line":135,"column":10},"end":{"line":135,"column":30}},{"start":{"line":135,"column":34},"end":{"line":135,"column":63}}]},"9":{"loc":{"start":{"line":143,"column":4},"end":{"line":143,"column":45}},"type":"if","locations":[{"start":{"line":143,"column":4},"end":{"line":143,"column":45}},{"start":{},"end":{}}]}},"s":{"0":1,"1":1,"2":1,"3":38,"4":38,"5":6,"6":38,"7":1,"8":1,"9":1,"10":1,"11":37,"12":38,"13":4,"14":5,"15":4,"16":4,"17":2,"18":2,"19":2,"20":1,"21":2,"22":2,"23":1,"24":15,"25":15,"26":1,"27":35,"28":24,"29":24,"30":5,"31":1,"32":2,"33":59,"34":59,"35":43,"36":43,"37":16,"38":16,"39":3,"40":3,"41":13,"42":13,"43":9,"44":9,"45":1,"46":4,"47":13,"48":3,"49":13},"f":{"0":1,"1":38,"2":6,"3":4,"4":5,"5":4,"6":1,"7":1,"8":15,"9":1,"10":35,"11":24,"12":24,"13":5,"14":1,"15":2,"16":59},"b":{"0":[31],"1":[1,37],"2":[2,2],"3":[1,0],"4":[43,16],"5":[3,13],"6":[9,4],"7":[1,8],"8":[9,1],"9":[3,10]}}
,"/Users/yapi/Adi/appdev/pos-offline/utils/currency.ts": {"path":"/Users/yapi/Adi/appdev/pos-offline/utils/currency.ts","statementMap":{"0":{"start":{"line":6,"column":2},"end":{"line":6,"column":60}},"1":{"start":{"line":5,"column":0},"end":{"line":5,"column":16}},"2":{"start":{"line":14,"column":2},"end":{"line":14,"column":52}},"3":{"start":{"line":13,"column":0},"end":{"line":13,"column":16}},"4":{"start":{"line":22,"column":2},"end":{"line":22,"column":76}},"5":{"start":{"line":21,"column":0},"end":{"line":21,"column":16}},"6":{"start":{"line":30,"column":20},"end":{"line":30,"column":85}},"7":{"start":{"line":31,"column":2},"end":{"line":31,"column":32}},"8":{"start":{"line":29,"column":0},"end":{"line":29,"column":16}}},"fnMap":{"0":{"name":"formatRupiah","decl":{"start":{"line":5,"column":16},"end":{"line":5,"column":28}},"loc":{"start":{"line":5,"column":43},"end":{"line":7,"column":1}}},"1":{"name":"formatNumber","decl":{"start":{"line":13,"column":16},"end":{"line":13,"column":28}},"loc":{"start":{"line":13,"column":43},"end":{"line":15,"column":1}}},"2":{"name":"parseRupiah","decl":{"start":{"line":21,"column":16},"end":{"line":21,"column":27}},"loc":{"start":{"line":21,"column":41},"end":{"line":23,"column":1}}},"3":{"name":"formatQty","decl":{"start":{"line":29,"column":16},"end":{"line":29,"column":25}},"loc":{"start":{"line":29,"column":51},"end":{"line":32,"column":1}}}},"branchMap":{"0":{"loc":{"start":{"line":22,"column":9},"end":{"line":22,"column":75}},"type":"binary-expr","locations":[{"start":{"line":22,"column":9},"end":{"line":22,"column":70}},{"start":{"line":22,"column":74},"end":{"line":22,"column":75}}]},"1":{"loc":{"start":{"line":30,"column":20},"end":{"line":30,"column":85}},"type":"cond-expr","locations":[{"start":{"line":30,"column":36},"end":{"line":30,"column":50}},{"start":{"line":30,"column":53},"end":{"line":30,"column":85}}]}},"s":{"0":6,"1":1,"2":3,"3":1,"4":8,"5":1,"6":8,"7":8,"8":1},"f":{"0":6,"1":3,"2":8,"3":8},"b":{"0":[8,2],"1":[4,4]}}
,"/Users/yapi/Adi/appdev/pos-offline/utils/date.ts": {"path":"/Users/yapi/Adi/appdev/pos-offline/utils/date.ts","statementMap":{"0":{"start":{"line":1,"column":0},"end":{"line":1,"column":7}},"1":{"start":{"line":45,"column":9},"end":{"line":1,"column":26}},"2":{"start":{"line":2,"column":0},"end":{"line":2,"column":25}},"3":{"start":{"line":3,"column":0},"end":{"line":3,"column":63}},"4":{"start":{"line":4,"column":0},"end":{"line":4,"column":47}},"5":{"start":{"line":6,"column":0},"end":{"line":6,"column":32}},"6":{"start":{"line":7,"column":0},"end":{"line":7,"column":24}},"7":{"start":{"line":8,"column":0},"end":{"line":8,"column":19}},"8":{"start":{"line":11,"column":2},"end":{"line":11,"column":24}},"9":{"start":{"line":11,"column":13},"end":{"line":11,"column":24}},"10":{"start":{"line":12,"column":2},"end":{"line":12,"column":33}},"11":{"start":{"line":10,"column":0},"end":{"line":10,"column":16}},"12":{"start":{"line":16,"column":2},"end":{"line":16,"column":24}},"13":{"start":{"line":16,"column":13},"end":{"line":16,"column":24}},"14":{"start":{"line":17,"column":2},"end":{"line":17,"column":50}},"15":{"start":{"line":15,"column":0},"end":{"line":15,"column":16}},"16":{"start":{"line":21,"column":2},"end":{"line":21,"column":24}},"17":{"start":{"line":21,"column":13},"end":{"line":21,"column":24}},"18":{"start":{"line":22,"column":2},"end":{"line":22,"column":37}},"19":{"start":{"line":20,"column":0},"end":{"line":20,"column":16}},"20":{"start":{"line":26,"column":2},"end":{"line":26,"column":38}},"21":{"start":{"line":25,"column":0},"end":{"line":25,"column":16}},"22":{"start":{"line":30,"column":2},"end":{"line":30,"column":47}},"23":{"start":{"line":29,"column":0},"end":{"line":29,"column":16}},"24":{"start":{"line":34,"column":2},"end":{"line":34,"column":55}},"25":{"start":{"line":33,"column":0},"end":{"line":33,"column":16}},"26":{"start":{"line":38,"column":2},"end":{"line":38,"column":53}},"27":{"start":{"line":37,"column":0},"end":{"line":37,"column":16}},"28":{"start":{"line":42,"column":2},"end":{"line":42,"column":54}},"29":{"start":{"line":41,"column":0},"end":{"line":41,"column":16}}},"fnMap":{"0":{"name":"formatDate","decl":{"start":{"line":10,"column":16},"end":{"line":10,"column":26}},"loc":{"start":{"line":10,"column":74},"end":{"line":13,"column":1}}},"1":{"name":"formatDateTime","decl":{"start":{"line":15,"column":16},"end":{"line":15,"column":30}},"loc":{"start":{"line":15,"column":57},"end":{"line":18,"column":1}}},"2":{"name":"formatTime","decl":{"start":{"line":20,"column":16},"end":{"line":20,"column":26}},"loc":{"start":{"line":20,"column":53},"end":{"line":23,"column":1}}},"3":{"name":"today","decl":{"start":{"line":25,"column":16},"end":{"line":25,"column":21}},"loc":{"start":{"line":25,"column":21},"end":{"line":27,"column":1}}},"4":{"name":"now","decl":{"start":{"line":29,"column":16},"end":{"line":29,"column":19}},"loc":{"start":{"line":29,"column":19},"end":{"line":31,"column":1}}},"5":{"name":"startOfMonth","decl":{"start":{"line":33,"column":16},"end":{"line":33,"column":28}},"loc":{"start":{"line":33,"column":28},"end":{"line":35,"column":1}}},"6":{"name":"endOfMonth","decl":{"start":{"line":37,"column":16},"end":{"line":37,"column":26}},"loc":{"start":{"line":37,"column":26},"end":{"line":39,"column":1}}},"7":{"name":"startOfWeek","decl":{"start":{"line":41,"column":16},"end":{"line":41,"column":27}},"loc":{"start":{"line":41,"column":27},"end":{"line":43,"column":1}}}},"branchMap":{"0":{"loc":{"start":{"line":10,"column":55},"end":{"line":10,"column":74}},"type":"default-arg","locations":[{"start":{"line":10,"column":61},"end":{"line":10,"column":74}}]},"1":{"loc":{"start":{"line":11,"column":2},"end":{"line":11,"column":24}},"type":"if","locations":[{"start":{"line":11,"column":2},"end":{"line":11,"column":24}},{"start":{},"end":{}}]},"2":{"loc":{"start":{"line":16,"column":2},"end":{"line":16,"column":24}},"type":"if","locations":[{"start":{"line":16,"column":2},"end":{"line":16,"column":24}},{"start":{},"end":{}}]},"3":{"loc":{"start":{"line":21,"column":2},"end":{"line":21,"column":24}},"type":"if","locations":[{"start":{"line":21,"column":2},"end":{"line":21,"column":24}},{"start":{},"end":{}}]}},"s":{"0":1,"1":1,"2":1,"3":1,"4":1,"5":1,"6":1,"7":1,"8":7,"9":2,"10":5,"11":1,"12":2,"13":1,"14":1,"15":1,"16":2,"17":1,"18":1,"19":1,"20":1,"21":1,"22":1,"23":1,"24":1,"25":1,"26":1,"27":1,"28":1,"29":1},"f":{"0":7,"1":2,"2":2,"3":1,"4":1,"5":1,"6":1,"7":1},"b":{"0":[6],"1":[2,5],"2":[1,1],"3":[1,1]}}
,"/Users/yapi/Adi/appdev/pos-offline/utils/trxCode.ts": {"path":"/Users/yapi/Adi/appdev/pos-offline/utils/trxCode.ts","statementMap":{"0":{"start":{"line":1,"column":0},"end":{"line":1,"column":26}},"1":{"start":{"line":8,"column":15},"end":{"line":8,"column":41}},"2":{"start":{"line":9,"column":14},"end":{"line":9,"column":47}},"3":{"start":{"line":10,"column":2},"end":{"line":10,"column":30}},"4":{"start":{"line":7,"column":0},"end":{"line":7,"column":16}},"5":{"start":{"line":18,"column":14},"end":{"line":18,"column":47}},"6":{"start":{"line":19,"column":2},"end":{"line":19,"column":22}},"7":{"start":{"line":17,"column":0},"end":{"line":17,"column":16}},"8":{"start":{"line":27,"column":17},"end":{"line":30,"column":20}},"9":{"start":{"line":31,"column":14},"end":{"line":31,"column":47}},"10":{"start":{"line":32,"column":2},"end":{"line":32,"column":28}},"11":{"start":{"line":26,"column":0},"end":{"line":26,"column":16}},"12":{"start":{"line":40,"column":2},"end":{"line":40,"column":46}},"13":{"start":{"line":39,"column":0},"end":{"line":39,"column":16}}},"fnMap":{"0":{"name":"generateTrxCode","decl":{"start":{"line":7,"column":16},"end":{"line":7,"column":31}},"loc":{"start":{"line":7,"column":48},"end":{"line":11,"column":1}}},"1":{"name":"generateMemberCode","decl":{"start":{"line":17,"column":16},"end":{"line":17,"column":34}},"loc":{"start":{"line":17,"column":51},"end":{"line":20,"column":1}}},"2":{"name":"generateSku","decl":{"start":{"line":26,"column":16},"end":{"line":26,"column":27}},"loc":{"start":{"line":26,"column":66},"end":{"line":33,"column":1}}},"3":{"name":"todayTrxPrefix","decl":{"start":{"line":39,"column":16},"end":{"line":39,"column":30}},"loc":{"start":{"line":39,"column":30},"end":{"line":41,"column":1}}}},"branchMap":{},"s":{"0":1,"1":8,"2":8,"3":8,"4":1,"5":5,"6":5,"7":1,"8":11,"9":11,"10":11,"11":1,"12":2,"13":1},"f":{"0":8,"1":5,"2":11,"3":2},"b":{}}
}
