TN:
SF:stores/useAuthStore.ts
FN:11,(anonymous_0)
FN:15,(anonymous_1)
FN:21,(anonymous_2)
FN:31,useIsAdmin
FN:32,(anonymous_4)
FNF:5
FNH:3
FNDA:1,(anonymous_0)
FNDA:5,(anonymous_1)
FNDA:6,(anonymous_2)
FNDA:0,useIsAdmin
FNDA:0,(anonymous_4)
DA:1,1
DA:11,1
DA:16,5
DA:22,6
DA:31,1
DA:32,0
DA:33,0
LF:7
LH:5
BRF:0
BRH:0
end_of_record
TN:
SF:stores/useCartStore.ts
FN:32,(anonymous_0)
FN:39,(anonymous_1)
FN:41,(anonymous_2)
FN:70,(anonymous_3)
FN:71,(anonymous_4)
FN:75,(anonymous_5)
FN:80,(anonymous_6)
FN:93,(anonymous_7)
FN:95,(anonymous_8)
FN:100,(anonymous_9)
FN:102,(anonymous_10)
FN:111,(anonymous_11)
FN:111,(anonymous_12)
FN:113,(anonymous_13)
FN:115,(anonymous_14)
FN:115,(anonymous_15)
FN:118,(anonymous_16)
FNF:17
FNH:17
FNDA:1,(anonymous_0)
FNDA:38,(anonymous_1)
FNDA:6,(anonymous_2)
FNDA:4,(anonymous_3)
FNDA:5,(anonymous_4)
FNDA:4,(anonymous_5)
FNDA:1,(anonymous_6)
FNDA:1,(anonymous_7)
FNDA:15,(anonymous_8)
FNDA:1,(anonymous_9)
FNDA:35,(anonymous_10)
FNDA:24,(anonymous_11)
FNDA:24,(anonymous_12)
FNDA:5,(anonymous_13)
FNDA:1,(anonymous_14)
FNDA:2,(anonymous_15)
FNDA:59,(anonymous_16)
DA:1,1
DA:32,1
DA:40,38
DA:41,38
DA:43,38
DA:45,1
DA:46,1
DA:47,1
DA:52,1
DA:55,37
DA:67,38
DA:71,5
DA:72,4
DA:76,4
DA:77,2
DA:78,2
DA:80,2
DA:81,1
DA:89,2
DA:90,2
DA:93,1
DA:96,15
DA:97,15
DA:100,1
DA:103,35
DA:111,24
DA:113,5
DA:115,2
DA:119,59
DA:120,59
DA:121,43
DA:122,43
DA:124,16
DA:127,16
DA:128,3
DA:129,3
DA:132,13
DA:133,13
DA:134,9
DA:135,9
DA:136,1
DA:139,4
DA:143,13
DA:145,13
LF:44
LH:44
BRDA:39,0,0,31
BRDA:43,1,0,1
BRDA:43,1,1,37
BRDA:76,2,0,2
BRDA:76,2,1,2
BRDA:81,3,0,1
BRDA:81,3,1,0
BRDA:120,4,0,43
BRDA:120,4,1,16
BRDA:127,5,0,3
BRDA:127,5,1,13
BRDA:133,6,0,9
BRDA:133,6,1,4
BRDA:135,7,0,1
BRDA:135,7,1,8
BRDA:135,8,0,9
BRDA:135,8,1,1
BRDA:143,9,0,3
BRDA:143,9,1,10
BRF:19
BRH:18
end_of_record
TN:
SF:utils/currency.ts
FN:5,formatRupiah
FN:13,formatNumber
FN:21,parseRupiah
FN:29,formatQty
FNF:4
FNH:4
FNDA:6,formatRupiah
FNDA:3,formatNumber
FNDA:8,parseRupiah
FNDA:8,formatQty
DA:5,1
DA:6,6
DA:13,1
DA:14,3
DA:21,1
DA:22,8
DA:29,1
DA:30,8
DA:31,8
LF:9
LH:9
BRDA:22,0,0,8
BRDA:22,0,1,2
BRDA:30,1,0,4
BRDA:30,1,1,4
BRF:4
BRH:4
end_of_record
TN:
SF:utils/date.ts
FN:10,formatDate
FN:15,formatDateTime
FN:20,formatTime
FN:25,today
FN:29,now
FN:33,startOfMonth
FN:37,endOfMonth
FN:41,startOfWeek
FNF:8
FNH:8
FNDA:7,formatDate
FNDA:2,formatDateTime
FNDA:2,formatTime
FNDA:1,today
FNDA:1,now
FNDA:1,startOfMonth
FNDA:1,endOfMonth
FNDA:1,startOfWeek
DA:1,1
DA:2,1
DA:3,1
DA:4,1
DA:6,1
DA:7,1
DA:8,1
DA:10,1
DA:11,7
DA:12,5
DA:15,1
DA:16,2
DA:17,1
DA:20,1
DA:21,2
DA:22,1
DA:25,1
DA:26,1
DA:29,1
DA:30,1
DA:33,1
DA:34,1
DA:37,1
DA:38,1
DA:41,1
DA:42,1
DA:45,1
LF:27
LH:27
BRDA:10,0,0,6
BRDA:11,1,0,2
BRDA:11,1,1,5
BRDA:16,2,0,1
BRDA:16,2,1,1
BRDA:21,3,0,1
BRDA:21,3,1,1
BRF:7
BRH:7
end_of_record
TN:
SF:utils/trxCode.ts
FN:7,generateTrxCode
FN:17,generateMemberCode
FN:26,generateSku
FN:39,todayTrxPrefix
FNF:4
FNH:4
FNDA:8,generateTrxCode
FNDA:5,generateMemberCode
FNDA:11,generateSku
FNDA:2,todayTrxPrefix
DA:1,1
DA:7,1
DA:8,8
DA:9,8
DA:10,8
DA:17,1
DA:18,5
DA:19,5
DA:26,1
DA:27,11
DA:31,11
DA:32,11
DA:39,1
DA:40,2
LF:14
LH:14
BRF:0
BRH:0
end_of_record
